<?xml version="1.0" encoding="UTF-8"?>
<robot generator="Robot 4.1.1 (Python 3.9.7 on win32)" generated="20220111 15:22:31.558" rpa="false" schemaversion="2">
<suite id="s1" name="LowWightPage" source="C:\Users\Israa\PycharmProjects\NurseDashRegressionVersion1\Trials\LowWightPage.robot">
<test id="s1-t1" name="Test Case One">
<kw name="Log_In_NurseDash" library="P_AdCommon">
<kw name="Open Browser" library="SeleniumLibrary">
<arg>${Link}</arg>
<arg>${Browser}</arg>
<doc>Opens a new browser instance to the optional ``url``.</doc>
<msg timestamp="20220111 15:22:31.776" level="INFO">Opening browser 'chrome' to base url 'https://admin-staging.nursedash.com'.</msg>
<status status="PASS" starttime="20220111 15:22:31.776" endtime="20220111 15:22:35.162"/>
</kw>
<kw name="Maximize Browser Window" library="SeleniumLibrary">
<doc>Maximizes current browser window.</doc>
<status status="PASS" starttime="20220111 15:22:35.162" endtime="20220111 15:22:35.283"/>
</kw>
<kw name="Sleep" library="BuiltIn">
<arg>35s</arg>
<doc>Pauses the test executed for the given time.</doc>
<msg timestamp="20220111 15:23:10.288" level="INFO">Slept 35 seconds</msg>
<status status="PASS" starttime="20220111 15:22:35.283" endtime="20220111 15:23:10.289"/>
</kw>
<kw name="Input Text" library="SeleniumLibrary">
<arg>${UserName_LogIn}</arg>
<arg>${UserName}</arg>
<doc>Types the given ``text`` into the text field identified by ``locator``.</doc>
<msg timestamp="20220111 15:23:10.291" level="INFO">Typing text 'sameh' into text field '//input[@name="username"]'.</msg>
<status status="PASS" starttime="20220111 15:23:10.289" endtime="20220111 15:23:10.411"/>
</kw>
<kw name="Input Password" library="SeleniumLibrary">
<arg>${Password_LogIn}</arg>
<arg>${Password}</arg>
<doc>Types the given password into the text field identified by ``locator``.</doc>
<msg timestamp="20220111 15:23:10.411" level="INFO">Typing password into text field '//input[@id="password"]'.</msg>
<msg timestamp="20220111 15:23:10.447" level="INFO">Temporally setting log level to: NONE</msg>
<msg timestamp="20220111 15:23:10.510" level="INFO">Log level changed from NONE to INFO.</msg>
<status status="PASS" starttime="20220111 15:23:10.411" endtime="20220111 15:23:10.510"/>
</kw>
<kw name="Click Element" library="SeleniumLibrary">
<arg>${SignInButton_LogIn}</arg>
<doc>Click the element identified by ``locator``.</doc>
<msg timestamp="20220111 15:23:10.510" level="INFO">Clicking element '//span[.="Sign in"]'.</msg>
<status status="PASS" starttime="20220111 15:23:10.510" endtime="20220111 15:23:10.558"/>
</kw>
<status status="PASS" starttime="20220111 15:22:31.776" endtime="20220111 15:23:10.559"/>
</kw>
<kw name="Click on SideBar Icons" library="P_AdCommon">
<arg>${Areas}</arg>
<kw name="Wait Until Element Is Visible" library="SeleniumLibrary">
<arg>${SideBarIcon}</arg>
<doc>Waits until the element ``locator`` is visible.</doc>
<status status="PASS" starttime="20220111 15:23:10.560" endtime="20220111 15:23:11.720"/>
</kw>
<kw name="Click Link" library="SeleniumLibrary">
<arg>${SideBarIcon}</arg>
<doc>Clicks a link identified by ``locator``.</doc>
<msg timestamp="20220111 15:23:11.720" level="INFO">Clicking link '//div//a[@href="#/Area"]'.</msg>
<status status="PASS" starttime="20220111 15:23:11.720" endtime="20220111 15:23:11.821"/>
</kw>
<status status="PASS" starttime="20220111 15:23:10.559" endtime="20220111 15:23:11.821"/>
</kw>
<kw name="Sleep" library="BuiltIn">
<arg>10s</arg>
<doc>Pauses the test executed for the given time.</doc>
<msg timestamp="20220111 15:23:21.829" level="INFO">Slept 10 seconds</msg>
<status status="PASS" starttime="20220111 15:23:11.822" endtime="20220111 15:23:21.830"/>
</kw>
<kw name="Create a New Area">
<msg timestamp="20220111 15:23:21.832" level="FAIL">Keyword 'Create a New Area' expected 5 arguments, got 0.</msg>
<status status="FAIL" starttime="20220111 15:23:21.832" endtime="20220111 15:23:21.832"/>
</kw>
<status status="FAIL" starttime="20220111 15:22:31.775" endtime="20220111 15:23:21.834">Keyword 'Create a New Area' expected 5 arguments, got 0.</status>
</test>
<status status="FAIL" starttime="20220111 15:22:31.560" endtime="20220111 15:23:21.841"/>
</suite>
<statistics>
<total>
<stat pass="0" fail="1" skip="0">All Tests</stat>
</total>
<tag>
</tag>
<suite>
<stat pass="0" fail="1" skip="0" id="s1" name="LowWightPage">LowWightPage</stat>
</suite>
</statistics>
<errors>
</errors>
</robot>
